<?xml version="1.0" encoding="UTF-8"?>
<testsuite xmlns:xsi="http://www.w3.org/2001/XMLSchema-instance" xsi:noNamespaceSchemaLocation="https://maven.apache.org/surefire/maven-surefire-plugin/xsd/surefire-test-report-3.0.xsd" version="3.0" name="org.ffdc.data.platform.MySpringBootApplicationTest" time="6.64" tests="1" errors="0" skipped="0" failures="0">
  <properties>
    <property name="java.specification.version" value="17"/>
    <property name="sun.cpu.isalist" value="amd64"/>
    <property name="sun.jnu.encoding" value="Cp1252"/>
    <property name="java.class.path" value="C:\Development\finastra\CLOUD-MARGIN\cloud-margin-data-moving-tool\target\test-classes;C:\Development\finastra\CLOUD-MARGIN\cloud-margin-data-moving-tool\target\classes;C:\Users\ab5645\.m2\repository\org\springframework\boot\spring-boot-starter-web\2.5.6\spring-boot-starter-web-2.5.6.jar;C:\Users\ab5645\.m2\repository\org\springframework\boot\spring-boot-starter\2.5.6\spring-boot-starter-2.5.6.jar;C:\Users\ab5645\.m2\repository\org\springframework\boot\spring-boot\2.5.6\spring-boot-2.5.6.jar;C:\Users\ab5645\.m2\repository\org\springframework\boot\spring-boot-autoconfigure\2.5.6\spring-boot-autoconfigure-2.5.6.jar;C:\Users\ab5645\.m2\repository\org\springframework\boot\spring-boot-starter-logging\2.5.6\spring-boot-starter-logging-2.5.6.jar;C:\Users\ab5645\.m2\repository\ch\qos\logback\logback-classic\1.2.6\logback-classic-1.2.6.jar;C:\Users\ab5645\.m2\repository\ch\qos\logback\logback-core\1.2.6\logback-core-1.2.6.jar;C:\Users\ab5645\.m2\repository\org\apache\logging\log4j\log4j-to-slf4j\2.14.1\log4j-to-slf4j-2.14.1.jar;C:\Users\ab5645\.m2\repository\org\apache\logging\log4j\log4j-api\2.14.1\log4j-api-2.14.1.jar;C:\Users\ab5645\.m2\repository\org\slf4j\jul-to-slf4j\1.7.32\jul-to-slf4j-1.7.32.jar;C:\Users\ab5645\.m2\repository\jakarta\annotation\jakarta.annotation-api\1.3.5\jakarta.annotation-api-1.3.5.jar;C:\Users\ab5645\.m2\repository\org\yaml\snakeyaml\1.28\snakeyaml-1.28.jar;C:\Users\ab5645\.m2\repository\org\springframework\boot\spring-boot-starter-json\2.5.6\spring-boot-starter-json-2.5.6.jar;C:\Users\ab5645\.m2\repository\com\fasterxml\jackson\datatype\jackson-datatype-jdk8\2.12.5\jackson-datatype-jdk8-2.12.5.jar;C:\Users\ab5645\.m2\repository\com\fasterxml\jackson\datatype\jackson-datatype-jsr310\2.12.5\jackson-datatype-jsr310-2.12.5.jar;C:\Users\ab5645\.m2\repository\com\fasterxml\jackson\module\jackson-module-parameter-names\2.12.5\jackson-module-parameter-names-2.12.5.jar;C:\Users\ab5645\.m2\repository\org\springframework\spring-web\5.3.12\spring-web-5.3.12.jar;C:\Users\ab5645\.m2\repository\org\springframework\spring-beans\5.3.12\spring-beans-5.3.12.jar;C:\Users\ab5645\.m2\repository\org\springframework\spring-webmvc\5.3.12\spring-webmvc-5.3.12.jar;C:\Users\ab5645\.m2\repository\org\springframework\spring-aop\5.3.12\spring-aop-5.3.12.jar;C:\Users\ab5645\.m2\repository\org\springframework\spring-context\5.3.12\spring-context-5.3.12.jar;C:\Users\ab5645\.m2\repository\org\springframework\spring-expression\5.3.12\spring-expression-5.3.12.jar;C:\Users\ab5645\.m2\repository\org\springframework\boot\spring-boot-starter-undertow\2.5.6\spring-boot-starter-undertow-2.5.6.jar;C:\Users\ab5645\.m2\repository\io\undertow\undertow-core\2.2.12.Final\undertow-core-2.2.12.Final.jar;C:\Users\ab5645\.m2\repository\org\jboss\logging\jboss-logging\3.4.2.Final\jboss-logging-3.4.2.Final.jar;C:\Users\ab5645\.m2\repository\org\jboss\xnio\xnio-api\3.8.4.Final\xnio-api-3.8.4.Final.jar;C:\Users\ab5645\.m2\repository\org\wildfly\common\wildfly-common\1.5.2.Final\wildfly-common-1.5.2.Final.jar;C:\Users\ab5645\.m2\repository\org\wildfly\client\wildfly-client-config\1.0.1.Final\wildfly-client-config-1.0.1.Final.jar;C:\Users\ab5645\.m2\repository\org\jboss\xnio\xnio-nio\3.8.4.Final\xnio-nio-3.8.4.Final.jar;C:\Users\ab5645\.m2\repository\org\jboss\threads\jboss-threads\3.1.0.Final\jboss-threads-3.1.0.Final.jar;C:\Users\ab5645\.m2\repository\io\undertow\undertow-servlet\2.2.12.Final\undertow-servlet-2.2.12.Final.jar;C:\Users\ab5645\.m2\repository\io\undertow\undertow-websockets-jsr\2.2.12.Final\undertow-websockets-jsr-2.2.12.Final.jar;C:\Users\ab5645\.m2\repository\jakarta\servlet\jakarta.servlet-api\4.0.4\jakarta.servlet-api-4.0.4.jar;C:\Users\ab5645\.m2\repository\jakarta\websocket\jakarta.websocket-api\1.1.2\jakarta.websocket-api-1.1.2.jar;C:\Users\ab5645\.m2\repository\org\apache\tomcat\embed\tomcat-embed-el\9.0.54\tomcat-embed-el-9.0.54.jar;C:\Users\ab5645\.m2\repository\org\springframework\boot\spring-boot-starter-actuator\2.5.6\spring-boot-starter-actuator-2.5.6.jar;C:\Users\ab5645\.m2\repository\org\springframework\boot\spring-boot-actuator-autoconfigure\2.5.6\spring-boot-actuator-autoconfigure-2.5.6.jar;C:\Users\ab5645\.m2\repository\io\micrometer\micrometer-core\1.7.5\micrometer-core-1.7.5.jar;C:\Users\ab5645\.m2\repository\org\hdrhistogram\HdrHistogram\2.1.12\HdrHistogram-2.1.12.jar;C:\Users\ab5645\.m2\repository\org\latencyutils\LatencyUtils\2.0.3\LatencyUtils-2.0.3.jar;C:\Users\ab5645\.m2\repository\org\springframework\boot\spring-boot-starter-web-services\2.6.0\spring-boot-starter-web-services-2.6.0.jar;C:\Users\ab5645\.m2\repository\com\sun\xml\messaging\saaj\saaj-impl\1.5.3\saaj-impl-1.5.3.jar;C:\Users\ab5645\.m2\repository\jakarta\xml\soap\jakarta.xml.soap-api\1.4.2\jakarta.xml.soap-api-1.4.2.jar;C:\Users\ab5645\.m2\repository\org\jvnet\staxex\stax-ex\1.8.3\stax-ex-1.8.3.jar;C:\Users\ab5645\.m2\repository\com\sun\activation\jakarta.activation\1.2.2\jakarta.activation-1.2.2.jar;C:\Users\ab5645\.m2\repository\jakarta\xml\ws\jakarta.xml.ws-api\2.3.3\jakarta.xml.ws-api-2.3.3.jar;C:\Users\ab5645\.m2\repository\jakarta\jws\jakarta.jws-api\2.1.0\jakarta.jws-api-2.1.0.jar;C:\Users\ab5645\.m2\repository\org\springframework\spring-oxm\5.3.12\spring-oxm-5.3.12.jar;C:\Users\ab5645\.m2\repository\org\springframework\ws\spring-ws-core\3.1.1\spring-ws-core-3.1.1.jar;C:\Users\ab5645\.m2\repository\org\springframework\ws\spring-xml\3.1.1\spring-xml-3.1.1.jar;C:\Users\ab5645\.m2\repository\org\apache\camel\camel-core\3.13.0\camel-core-3.13.0.jar;C:\Users\ab5645\.m2\repository\org\apache\camel\camel-core-engine\3.13.0\camel-core-engine-3.13.0.jar;C:\Users\ab5645\.m2\repository\org\apache\camel\camel-api\3.13.0\camel-api-3.13.0.jar;C:\Users\ab5645\.m2\repository\org\apache\camel\camel-base-engine\3.13.0\camel-base-engine-3.13.0.jar;C:\Users\ab5645\.m2\repository\org\apache\camel\camel-base\3.13.0\camel-base-3.13.0.jar;C:\Users\ab5645\.m2\repository\org\apache\camel\camel-core-reifier\3.13.0\camel-core-reifier-3.13.0.jar;C:\Users\ab5645\.m2\repository\org\apache\camel\camel-core-processor\3.13.0\camel-core-processor-3.13.0.jar;C:\Users\ab5645\.m2\repository\org\apache\camel\camel-management-api\3.13.0\camel-management-api-3.13.0.jar;C:\Users\ab5645\.m2\repository\org\apache\camel\camel-core-languages\3.13.0\camel-core-languages-3.13.0.jar;C:\Users\ab5645\.m2\repository\org\apache\camel\camel-core-model\3.13.0\camel-core-model-3.13.0.jar;C:\Users\ab5645\.m2\repository\org\apache\camel\camel-bean\3.13.0\camel-bean-3.13.0.jar;C:\Users\ab5645\.m2\repository\org\apache\camel\camel-browse\3.13.0\camel-browse-3.13.0.jar;C:\Users\ab5645\.m2\repository\org\apache\camel\camel-cluster\3.13.0\camel-cluster-3.13.0.jar;C:\Users\ab5645\.m2\repository\org\apache\camel\camel-controlbus\3.13.0\camel-controlbus-3.13.0.jar;C:\Users\ab5645\.m2\repository\org\apache\camel\camel-dataformat\3.13.0\camel-dataformat-3.13.0.jar;C:\Users\ab5645\.m2\repository\org\apache\camel\camel-dataset\3.13.0\camel-dataset-3.13.0.jar;C:\Users\ab5645\.m2\repository\org\apache\camel\camel-direct\3.13.0\camel-direct-3.13.0.jar;C:\Users\ab5645\.m2\repository\org\apache\camel\camel-directvm\3.13.0\camel-directvm-3.13.0.jar;C:\Users\ab5645\.m2\repository\org\apache\camel\camel-file\3.13.0\camel-file-3.13.0.jar;C:\Users\ab5645\.m2\repository\org\apache\camel\camel-health\3.13.0\camel-health-3.13.0.jar;C:\Users\ab5645\.m2\repository\org\apache\camel\camel-language\3.13.0\camel-language-3.13.0.jar;C:\Users\ab5645\.m2\repository\org\apache\camel\camel-log\3.13.0\camel-log-3.13.0.jar;C:\Users\ab5645\.m2\repository\org\apache\camel\camel-mock\3.13.0\camel-mock-3.13.0.jar;C:\Users\ab5645\.m2\repository\org\apache\camel\camel-ref\3.13.0\camel-ref-3.13.0.jar;C:\Users\ab5645\.m2\repository\org\apache\camel\camel-rest\3.13.0\camel-rest-3.13.0.jar;C:\Users\ab5645\.m2\repository\org\apache\camel\camel-tooling-model\3.13.0\camel-tooling-model-3.13.0.jar;C:\Users\ab5645\.m2\repository\org\apache\camel\camel-util-json\3.13.0\camel-util-json-3.13.0.jar;C:\Users\ab5645\.m2\repository\org\apache\camel\camel-saga\3.13.0\camel-saga-3.13.0.jar;C:\Users\ab5645\.m2\repository\org\apache\camel\camel-scheduler\3.13.0\camel-scheduler-3.13.0.jar;C:\Users\ab5645\.m2\repository\org\apache\camel\camel-seda\3.13.0\camel-seda-3.13.0.jar;C:\Users\ab5645\.m2\repository\org\apache\camel\camel-stub\3.13.0\camel-stub-3.13.0.jar;C:\Users\ab5645\.m2\repository\org\apache\camel\camel-timer\3.13.0\camel-timer-3.13.0.jar;C:\Users\ab5645\.m2\repository\org\apache\camel\camel-validator\3.13.0\camel-validator-3.13.0.jar;C:\Users\ab5645\.m2\repository\org\apache\camel\camel-vm\3.13.0\camel-vm-3.13.0.jar;C:\Users\ab5645\.m2\repository\org\apache\camel\camel-xpath\3.13.0\camel-xpath-3.13.0.jar;C:\Users\ab5645\.m2\repository\org\apache\camel\camel-xslt\3.13.0\camel-xslt-3.13.0.jar;C:\Users\ab5645\.m2\repository\org\apache\camel\camel-xml-jaxb\3.13.0\camel-xml-jaxb-3.13.0.jar;C:\Users\ab5645\.m2\repository\com\sun\xml\bind\jaxb-core\2.3.0\jaxb-core-2.3.0.jar;C:\Users\ab5645\.m2\repository\com\sun\xml\bind\jaxb-impl\2.3.3\jaxb-impl-2.3.3.jar;C:\Users\ab5645\.m2\repository\org\apache\camel\camel-xml-jaxp\3.13.0\camel-xml-jaxp-3.13.0.jar;C:\Users\ab5645\.m2\repository\org\apache\camel\camel-xml-io-util\3.13.0\camel-xml-io-util-3.13.0.jar;C:\Users\ab5645\.m2\repository\org\slf4j\slf4j-api\1.7.32\slf4j-api-1.7.32.jar;C:\Users\ab5645\.m2\repository\org\apache\camel\camel-http-common\3.13.0\camel-http-common-3.13.0.jar;C:\Users\ab5645\.m2\repository\org\apache\camel\camel-http-base\3.13.0\camel-http-base-3.13.0.jar;C:\Users\ab5645\.m2\repository\org\apache\camel\camel-cloud\3.13.0\camel-cloud-3.13.0.jar;C:\Users\ab5645\.m2\repository\org\apache\camel\camel-support\3.13.0\camel-support-3.13.0.jar;C:\Users\ab5645\.m2\repository\org\apache\camel\camel-attachments\3.13.0\camel-attachments-3.13.0.jar;C:\Users\ab5645\.m2\repository\com\sun\activation\javax.activation\1.2.0\javax.activation-1.2.0.jar;C:\Users\ab5645\.m2\repository\org\apache\camel\camel-http\3.13.0\camel-http-3.13.0.jar;C:\Users\ab5645\.m2\repository\javax\servlet\javax.servlet-api\4.0.1\javax.servlet-api-4.0.1.jar;C:\Users\ab5645\.m2\repository\org\apache\httpcomponents\httpclient\4.5.13\httpclient-4.5.13.jar;C:\Users\ab5645\.m2\repository\org\apache\httpcomponents\httpcore\4.4.14\httpcore-4.4.14.jar;C:\Users\ab5645\.m2\repository\commons-codec\commons-codec\1.15\commons-codec-1.15.jar;C:\Users\ab5645\.m2\repository\org\apache\camel\camel-ftp\3.13.0\camel-ftp-3.13.0.jar;C:\Users\ab5645\.m2\repository\org\apache\camel\camel-core-catalog\3.13.0\camel-core-catalog-3.13.0.jar;C:\Users\ab5645\.m2\repository\com\jcraft\jsch\0.1.55\jsch-0.1.55.jar;C:\Users\ab5645\.m2\repository\commons-net\commons-net\3.8.0\commons-net-3.8.0.jar;C:\Users\ab5645\.m2\repository\org\apache\camel\springboot\camel-spring-boot-starter\3.13.0\camel-spring-boot-starter-3.13.0.jar;C:\Users\ab5645\.m2\repository\org\apache\camel\springboot\camel-spring-boot\3.13.0\camel-spring-boot-3.13.0.jar;C:\Users\ab5645\.m2\repository\org\apache\camel\camel-spring\3.13.0\camel-spring-3.13.0.jar;C:\Users\ab5645\.m2\repository\org\apache\camel\camel-spring-main\3.13.0\camel-spring-main-3.13.0.jar;C:\Users\ab5645\.m2\repository\org\apache\camel\camel-main\3.13.0\camel-main-3.13.0.jar;C:\Users\ab5645\.m2\repository\org\apache\camel\camel-xml-jaxb-dsl\3.13.0\camel-xml-jaxb-dsl-3.13.0.jar;C:\Users\ab5645\.m2\repository\org\apache\camel\camel-dsl-support\3.13.0\camel-dsl-support-3.13.0.jar;C:\Users\ab5645\.m2\repository\org\apache\camel\camel-endpointdsl\3.13.0\camel-endpointdsl-3.13.0.jar;C:\Users\ab5645\.m2\repository\org\apache\camel\springboot\camel-core-starter\3.13.0\camel-core-starter-3.13.0.jar;C:\Users\ab5645\.m2\repository\org\apache\camel\springboot\camel-browse-starter\3.13.0\camel-browse-starter-3.13.0.jar;C:\Users\ab5645\.m2\repository\org\apache\camel\springboot\camel-controlbus-starter\3.13.0\camel-controlbus-starter-3.13.0.jar;C:\Users\ab5645\.m2\repository\org\apache\camel\springboot\camel-dataformat-starter\3.13.0\camel-dataformat-starter-3.13.0.jar;C:\Users\ab5645\.m2\repository\org\apache\camel\springboot\camel-dataset-starter\3.13.0\camel-dataset-starter-3.13.0.jar;C:\Users\ab5645\.m2\repository\org\apache\camel\springboot\camel-direct-starter\3.13.0\camel-direct-starter-3.13.0.jar;C:\Users\ab5645\.m2\repository\org\apache\camel\springboot\camel-directvm-starter\3.13.0\camel-directvm-starter-3.13.0.jar;C:\Users\ab5645\.m2\repository\org\apache\camel\springboot\camel-file-starter\3.13.0\camel-file-starter-3.13.0.jar;C:\Users\ab5645\.m2\repository\org\apache\camel\springboot\camel-language-starter\3.13.0\camel-language-starter-3.13.0.jar;C:\Users\ab5645\.m2\repository\org\apache\camel\springboot\camel-log-starter\3.13.0\camel-log-starter-3.13.0.jar;C:\Users\ab5645\.m2\repository\org\apache\camel\springboot\camel-mock-starter\3.13.0\camel-mock-starter-3.13.0.jar;C:\Users\ab5645\.m2\repository\org\apache\camel\springboot\camel-ref-starter\3.13.0\camel-ref-starter-3.13.0.jar;C:\Users\ab5645\.m2\repository\org\apache\camel\springboot\camel-rest-starter\3.13.0\camel-rest-starter-3.13.0.jar;C:\Users\ab5645\.m2\repository\org\apache\camel\springboot\camel-saga-starter\3.13.0\camel-saga-starter-3.13.0.jar;C:\Users\ab5645\.m2\repository\org\apache\camel\springboot\camel-scheduler-starter\3.13.0\camel-scheduler-starter-3.13.0.jar;C:\Users\ab5645\.m2\repository\org\apache\camel\springboot\camel-seda-starter\3.13.0\camel-seda-starter-3.13.0.jar;C:\Users\ab5645\.m2\repository\org\apache\camel\springboot\camel-stub-starter\3.13.0\camel-stub-starter-3.13.0.jar;C:\Users\ab5645\.m2\repository\org\apache\camel\springboot\camel-timer-starter\3.13.0\camel-timer-starter-3.13.0.jar;C:\Users\ab5645\.m2\repository\org\apache\camel\springboot\camel-validator-starter\3.13.0\camel-validator-starter-3.13.0.jar;C:\Users\ab5645\.m2\repository\org\apache\camel\springboot\camel-vm-starter\3.13.0\camel-vm-starter-3.13.0.jar;C:\Users\ab5645\.m2\repository\org\apache\camel\springboot\camel-xpath-starter\3.13.0\camel-xpath-starter-3.13.0.jar;C:\Users\ab5645\.m2\repository\org\apache\camel\springboot\camel-xslt-starter\3.13.0\camel-xslt-starter-3.13.0.jar;C:\Users\ab5645\.m2\repository\org\apache\camel\springboot\camel-xml-jaxp-starter\3.13.0\camel-xml-jaxp-starter-3.13.0.jar;C:\Users\ab5645\.m2\repository\org\apache\camel\springboot\camel-stream-starter\3.13.0\camel-stream-starter-3.13.0.jar;C:\Users\ab5645\.m2\repository\org\apache\camel\camel-stream\3.13.0\camel-stream-3.13.0.jar;C:\Users\ab5645\.m2\repository\org\apache\camel\camel-sql\3.13.0\camel-sql-3.13.0.jar;C:\Users\ab5645\.m2\repository\org\springframework\spring-jdbc\5.3.12\spring-jdbc-5.3.12.jar;C:\Users\ab5645\.m2\repository\org\springframework\spring-tx\5.3.12\spring-tx-5.3.12.jar;C:\Users\ab5645\.m2\repository\org\apache\camel\springboot\camel-sql-starter\3.13.0\camel-sql-starter-3.13.0.jar;C:\Users\ab5645\.m2\repository\org\apache\camel\camel-cron\3.13.0\camel-cron-3.13.0.jar;C:\Users\ab5645\.m2\repository\org\apache\camel\springboot\camel-jdbc-starter\3.13.0\camel-jdbc-starter-3.13.0.jar;C:\Users\ab5645\.m2\repository\org\apache\camel\camel-jdbc\3.13.0\camel-jdbc-3.13.0.jar;C:\Users\ab5645\.m2\repository\org\apache\camel\camel-netty-http\3.13.0\camel-netty-http-3.13.0.jar;C:\Users\ab5645\.m2\repository\org\apache\camel\camel-netty\3.13.0\camel-netty-3.13.0.jar;C:\Users\ab5645\.m2\repository\io\netty\netty-buffer\4.1.69.Final\netty-buffer-4.1.69.Final.jar;C:\Users\ab5645\.m2\repository\io\netty\netty-codec\4.1.69.Final\netty-codec-4.1.69.Final.jar;C:\Users\ab5645\.m2\repository\io\netty\netty-common\4.1.69.Final\netty-common-4.1.69.Final.jar;C:\Users\ab5645\.m2\repository\io\netty\netty-handler\4.1.69.Final\netty-handler-4.1.69.Final.jar;C:\Users\ab5645\.m2\repository\io\netty\netty-resolver\4.1.69.Final\netty-resolver-4.1.69.Final.jar;C:\Users\ab5645\.m2\repository\io\netty\netty-transport\4.1.69.Final\netty-transport-4.1.69.Final.jar;C:\Users\ab5645\.m2\repository\io\netty\netty-transport-native-epoll\4.1.69.Final\netty-transport-native-epoll-4.1.69.Final.jar;C:\Users\ab5645\.m2\repository\io\netty\netty-transport-native-unix-common\4.1.69.Final\netty-transport-native-unix-common-4.1.69.Final.jar;C:\Users\ab5645\.m2\repository\io\netty\netty-codec-http\4.1.69.Final\netty-codec-http-4.1.69.Final.jar;C:\Users\ab5645\.m2\repository\org\apache\camel\camel-netty4\3.0.0-M4\camel-netty4-3.0.0-M4.jar;C:\Users\ab5645\.m2\repository\io\netty\netty-all\4.1.69.Final\netty-all-4.1.69.Final.jar;C:\Users\ab5645\.m2\repository\io\netty\netty-codec-dns\4.1.69.Final\netty-codec-dns-4.1.69.Final.jar;C:\Users\ab5645\.m2\repository\io\netty\netty-codec-haproxy\4.1.69.Final\netty-codec-haproxy-4.1.69.Final.jar;C:\Users\ab5645\.m2\repository\io\netty\netty-codec-http2\4.1.69.Final\netty-codec-http2-4.1.69.Final.jar;C:\Users\ab5645\.m2\repository\io\netty\netty-codec-memcache\4.1.69.Final\netty-codec-memcache-4.1.69.Final.jar;C:\Users\ab5645\.m2\repository\io\netty\netty-codec-mqtt\4.1.69.Final\netty-codec-mqtt-4.1.69.Final.jar;C:\Users\ab5645\.m2\repository\io\netty\netty-codec-redis\4.1.69.Final\netty-codec-redis-4.1.69.Final.jar;C:\Users\ab5645\.m2\repository\io\netty\netty-codec-smtp\4.1.69.Final\netty-codec-smtp-4.1.69.Final.jar;C:\Users\ab5645\.m2\repository\io\netty\netty-codec-socks\4.1.69.Final\netty-codec-socks-4.1.69.Final.jar;C:\Users\ab5645\.m2\repository\io\netty\netty-codec-stomp\4.1.69.Final\netty-codec-stomp-4.1.69.Final.jar;C:\Users\ab5645\.m2\repository\io\netty\netty-codec-xml\4.1.69.Final\netty-codec-xml-4.1.69.Final.jar;C:\Users\ab5645\.m2\repository\com\fasterxml\aalto-xml\1.0.0\aalto-xml-1.0.0.jar;C:\Users\ab5645\.m2\repository\org\codehaus\woodstox\stax2-api\4.0.0\stax2-api-4.0.0.jar;C:\Users\ab5645\.m2\repository\io\netty\netty-handler-proxy\4.1.69.Final\netty-handler-proxy-4.1.69.Final.jar;C:\Users\ab5645\.m2\repository\io\netty\netty-resolver-dns\4.1.69.Final\netty-resolver-dns-4.1.69.Final.jar;C:\Users\ab5645\.m2\repository\io\netty\netty-transport-rxtx\4.1.69.Final\netty-transport-rxtx-4.1.69.Final.jar;C:\Users\ab5645\.m2\repository\org\rxtx\rxtx\2.1.7\rxtx-2.1.7.jar;C:\Users\ab5645\.m2\repository\io\netty\netty-transport-sctp\4.1.69.Final\netty-transport-sctp-4.1.69.Final.jar;C:\Users\ab5645\.m2\repository\io\netty\netty-transport-udt\4.1.69.Final\netty-transport-udt-4.1.69.Final.jar;C:\Users\ab5645\.m2\repository\com\barchart\udt\barchart-udt-bundle\2.3.0\barchart-udt-bundle-2.3.0.jar;C:\Users\ab5645\.m2\repository\io\netty\netty-transport-native-kqueue\4.1.69.Final\netty-transport-native-kqueue-4.1.69.Final.jar;C:\Users\ab5645\.m2\repository\io\netty\netty-resolver-dns-native-macos\4.1.69.Final\netty-resolver-dns-native-macos-4.1.69.Final.jar;C:\Users\ab5645\.m2\repository\io\netty\netty-transport-native-epoll\4.1.69.Final\netty-transport-native-epoll-4.1.69.Final-linux-x86_64.jar;C:\Users\ab5645\.m2\repository\io\netty\netty-transport-native-epoll\4.1.69.Final\netty-transport-native-epoll-4.1.69.Final-linux-aarch_64.jar;C:\Users\ab5645\.m2\repository\io\netty\netty-transport-native-kqueue\4.1.69.Final\netty-transport-native-kqueue-4.1.69.Final-osx-x86_64.jar;C:\Users\ab5645\.m2\repository\io\netty\netty-transport-native-kqueue\4.1.69.Final\netty-transport-native-kqueue-4.1.69.Final-osx-aarch_64.jar;C:\Users\ab5645\.m2\repository\io\netty\netty-resolver-dns-native-macos\4.1.69.Final\netty-resolver-dns-native-macos-4.1.69.Final-osx-x86_64.jar;C:\Users\ab5645\.m2\repository\io\netty\netty-resolver-dns-native-macos\4.1.69.Final\netty-resolver-dns-native-macos-4.1.69.Final-osx-aarch_64.jar;C:\Users\ab5645\.m2\repository\commons-pool\commons-pool\1.6\commons-pool-1.6.jar;C:\Users\ab5645\.m2\repository\org\postgresql\postgresql\42.2.24\postgresql-42.2.24.jar;C:\Users\ab5645\.m2\repository\org\checkerframework\checker-qual\3.5.0\checker-qual-3.5.0.jar;C:\Users\ab5645\.m2\repository\com\microsoft\sqlserver\mssql-jdbc\9.2.1.jre8\mssql-jdbc-9.2.1.jre8.jar;C:\Users\ab5645\.m2\repository\com\zaxxer\HikariCP\4.0.3\HikariCP-4.0.3.jar;C:\Users\ab5645\.m2\repository\org\apache\camel\springboot\camel-bean-starter\3.13.0\camel-bean-starter-3.13.0.jar;C:\Users\ab5645\.m2\repository\org\apache\camel\camel-jackson\3.13.0\camel-jackson-3.13.0.jar;C:\Users\ab5645\.m2\repository\com\fasterxml\jackson\core\jackson-databind\2.12.5\jackson-databind-2.12.5.jar;C:\Users\ab5645\.m2\repository\com\fasterxml\jackson\core\jackson-annotations\2.12.5\jackson-annotations-2.12.5.jar;C:\Users\ab5645\.m2\repository\com\fasterxml\jackson\core\jackson-core\2.12.5\jackson-core-2.12.5.jar;C:\Users\ab5645\.m2\repository\org\apache\camel\camel-csv\3.13.0\camel-csv-3.13.0.jar;C:\Users\ab5645\.m2\repository\org\apache\commons\commons-csv\1.8\commons-csv-1.8.jar;C:\Users\ab5645\.m2\repository\org\apache\camel\camel-gson\3.13.0\camel-gson-3.13.0.jar;C:\Users\ab5645\.m2\repository\org\apache\camel\camel-util\3.13.0\camel-util-3.13.0.jar;C:\Users\ab5645\.m2\repository\io\hawt\hawtio-springboot\2.10.0\hawtio-springboot-2.10.0.jar;C:\Users\ab5645\.m2\repository\io\hawt\hawtio-system\2.10.0\hawtio-system-2.10.0.jar;C:\Users\ab5645\.m2\repository\io\hawt\hawtio-core\2.10.0\hawtio-core-2.10.0.jar;C:\Users\ab5645\.m2\repository\io\hawt\hawtio-util\2.10.0\hawtio-util-2.10.0.jar;C:\Users\ab5645\.m2\repository\org\jolokia\jolokia-core\1.6.2\jolokia-core-1.6.2.jar;C:\Users\ab5645\.m2\repository\com\googlecode\json-simple\json-simple\1.1.1\json-simple-1.1.1.jar;C:\Users\ab5645\.m2\repository\commons-httpclient\commons-httpclient\3.1\commons-httpclient-3.1.jar;C:\Users\ab5645\.m2\repository\commons-logging\commons-logging\1.2\commons-logging-1.2.jar;C:\Users\ab5645\.m2\repository\commons-io\commons-io\2.11.0\commons-io-2.11.0.jar;C:\Users\ab5645\.m2\repository\com\google\guava\guava\19.0\guava-19.0.jar;C:\Users\ab5645\.m2\repository\org\json\json\20171018\json-20171018.jar;C:\Users\ab5645\.m2\repository\org\springframework\boot\spring-boot-actuator\2.5.6\spring-boot-actuator-2.5.6.jar;C:\Users\ab5645\.m2\repository\org\apache\camel\springboot\camel-jmx-starter\3.13.0\camel-jmx-starter-3.13.0.jar;C:\Users\ab5645\.m2\repository\org\apache\camel\camel-jmx\3.13.0\camel-jmx-3.13.0.jar;C:\Users\ab5645\.m2\repository\org\apache\camel\camel-management\3.13.0\camel-management-3.13.0.jar;C:\Users\ab5645\.m2\repository\com\oracle\database\jdbc\ojdbc8\21.1.0.0\ojdbc8-21.1.0.0.jar;C:\Users\ab5645\.m2\repository\com\oracle\database\jdbc\ucp\21.1.0.0\ucp-21.1.0.0.jar;C:\Users\ab5645\.m2\repository\org\apache\commons\commons-lang3\3.12.0\commons-lang3-3.12.0.jar;C:\Users\ab5645\.m2\repository\org\apache\commons\commons-collections4\4.4\commons-collections4-4.4.jar;C:\Users\ab5645\.m2\repository\org\projectlombok\lombok\1.18.22\lombok-1.18.22.jar;C:\Users\ab5645\.m2\repository\org\springframework\boot\spring-boot-starter-test\2.5.6\spring-boot-starter-test-2.5.6.jar;C:\Users\ab5645\.m2\repository\org\springframework\boot\spring-boot-test\2.5.6\spring-boot-test-2.5.6.jar;C:\Users\ab5645\.m2\repository\org\springframework\boot\spring-boot-test-autoconfigure\2.5.6\spring-boot-test-autoconfigure-2.5.6.jar;C:\Users\ab5645\.m2\repository\com\jayway\jsonpath\json-path\2.5.0\json-path-2.5.0.jar;C:\Users\ab5645\.m2\repository\net\minidev\json-smart\2.4.7\json-smart-2.4.7.jar;C:\Users\ab5645\.m2\repository\net\minidev\accessors-smart\2.4.7\accessors-smart-2.4.7.jar;C:\Users\ab5645\.m2\repository\org\ow2\asm\asm\9.1\asm-9.1.jar;C:\Users\ab5645\.m2\repository\jakarta\xml\bind\jakarta.xml.bind-api\2.3.3\jakarta.xml.bind-api-2.3.3.jar;C:\Users\ab5645\.m2\repository\jakarta\activation\jakarta.activation-api\1.2.2\jakarta.activation-api-1.2.2.jar;C:\Users\ab5645\.m2\repository\org\assertj\assertj-core\3.19.0\assertj-core-3.19.0.jar;C:\Users\ab5645\.m2\repository\org\hamcrest\hamcrest\2.2\hamcrest-2.2.jar;C:\Users\ab5645\.m2\repository\org\junit\jupiter\junit-jupiter\5.7.2\junit-jupiter-5.7.2.jar;C:\Users\ab5645\.m2\repository\org\junit\jupiter\junit-jupiter-api\5.7.2\junit-jupiter-api-5.7.2.jar;C:\Users\ab5645\.m2\repository\org\apiguardian\apiguardian-api\1.1.0\apiguardian-api-1.1.0.jar;C:\Users\ab5645\.m2\repository\org\opentest4j\opentest4j\1.2.0\opentest4j-1.2.0.jar;C:\Users\ab5645\.m2\repository\org\junit\platform\junit-platform-commons\1.7.2\junit-platform-commons-1.7.2.jar;C:\Users\ab5645\.m2\repository\org\junit\jupiter\junit-jupiter-params\5.7.2\junit-jupiter-params-5.7.2.jar;C:\Users\ab5645\.m2\repository\org\junit\jupiter\junit-jupiter-engine\5.7.2\junit-jupiter-engine-5.7.2.jar;C:\Users\ab5645\.m2\repository\org\junit\platform\junit-platform-engine\1.7.2\junit-platform-engine-1.7.2.jar;C:\Users\ab5645\.m2\repository\org\mockito\mockito-core\3.9.0\mockito-core-3.9.0.jar;C:\Users\ab5645\.m2\repository\net\bytebuddy\byte-buddy\1.10.22\byte-buddy-1.10.22.jar;C:\Users\ab5645\.m2\repository\net\bytebuddy\byte-buddy-agent\1.10.22\byte-buddy-agent-1.10.22.jar;C:\Users\ab5645\.m2\repository\org\objenesis\objenesis\3.2\objenesis-3.2.jar;C:\Users\ab5645\.m2\repository\org\mockito\mockito-junit-jupiter\3.9.0\mockito-junit-jupiter-3.9.0.jar;C:\Users\ab5645\.m2\repository\org\skyscreamer\jsonassert\1.5.0\jsonassert-1.5.0.jar;C:\Users\ab5645\.m2\repository\com\vaadin\external\google\android-json\0.0.20131108.vaadin1\android-json-0.0.20131108.vaadin1.jar;C:\Users\ab5645\.m2\repository\org\springframework\spring-core\5.3.12\spring-core-5.3.12.jar;C:\Users\ab5645\.m2\repository\org\springframework\spring-jcl\5.3.12\spring-jcl-5.3.12.jar;C:\Users\ab5645\.m2\repository\org\springframework\spring-test\5.3.12\spring-test-5.3.12.jar;C:\Users\ab5645\.m2\repository\org\xmlunit\xmlunit-core\2.8.3\xmlunit-core-2.8.3.jar;C:\Users\ab5645\.m2\repository\org\apache\camel\camel-test-spring\3.13.0\camel-test-spring-3.13.0.jar;C:\Users\ab5645\.m2\repository\org\apache\camel\camel-test\3.13.0\camel-test-3.13.0.jar;C:\Users\ab5645\.m2\repository\junit\junit\4.13.2\junit-4.13.2.jar;C:\Users\ab5645\.m2\repository\org\hamcrest\hamcrest-core\2.2\hamcrest-core-2.2.jar;C:\Users\ab5645\.m2\repository\org\apache\camel\camel-spring-xml\3.13.0\camel-spring-xml-3.13.0.jar;C:\Users\ab5645\.m2\repository\org\apache\camel\camel-core-xml\3.13.0\camel-core-xml-3.13.0.jar;C:\Users\ab5645\.m2\repository\org\apache\camel\camel-test-spring-junit5\3.13.0\camel-test-spring-junit5-3.13.0.jar;C:\Users\ab5645\.m2\repository\org\apache\camel\camel-test-junit5\3.13.0\camel-test-junit5-3.13.0.jar;C:\Users\ab5645\.m2\repository\com\h2database\h2\1.4.200\h2-1.4.200.jar;C:\Users\ab5645\.m2\repository\org\awaitility\awaitility\4.0.3\awaitility-4.0.3.jar;C:\Users\ab5645\.m2\repository\org\apache\camel\springboot\camel-servlet-starter\3.9.0\camel-servlet-starter-3.9.0.jar;C:\Users\ab5645\.m2\repository\org\apache\camel\camel-servlet\3.13.0\camel-servlet-3.13.0.jar;C:\Users\ab5645\.m2\repository\org\apache\camel\camel-jetty\3.13.0\camel-jetty-3.13.0.jar;C:\Users\ab5645\.m2\repository\org\apache\camel\camel-jetty-common\3.13.0\camel-jetty-common-3.13.0.jar;C:\Users\ab5645\.m2\repository\org\eclipse\jetty\jetty-server\9.4.44.v20210927\jetty-server-9.4.44.v20210927.jar;C:\Users\ab5645\.m2\repository\org\eclipse\jetty\jetty-http\9.4.44.v20210927\jetty-http-9.4.44.v20210927.jar;C:\Users\ab5645\.m2\repository\org\eclipse\jetty\jetty-io\9.4.44.v20210927\jetty-io-9.4.44.v20210927.jar;C:\Users\ab5645\.m2\repository\org\eclipse\jetty\jetty-servlet\9.4.44.v20210927\jetty-servlet-9.4.44.v20210927.jar;C:\Users\ab5645\.m2\repository\org\eclipse\jetty\jetty-util-ajax\9.4.44.v20210927\jetty-util-ajax-9.4.44.v20210927.jar;C:\Users\ab5645\.m2\repository\org\eclipse\jetty\jetty-security\9.4.44.v20210927\jetty-security-9.4.44.v20210927.jar;C:\Users\ab5645\.m2\repository\org\eclipse\jetty\jetty-servlets\9.4.44.v20210927\jetty-servlets-9.4.44.v20210927.jar;C:\Users\ab5645\.m2\repository\org\eclipse\jetty\jetty-continuation\9.4.44.v20210927\jetty-continuation-9.4.44.v20210927.jar;C:\Users\ab5645\.m2\repository\org\eclipse\jetty\jetty-client\9.4.44.v20210927\jetty-client-9.4.44.v20210927.jar;C:\Users\ab5645\.m2\repository\org\eclipse\jetty\jetty-jmx\9.4.44.v20210927\jetty-jmx-9.4.44.v20210927.jar;C:\Users\ab5645\.m2\repository\org\eclipse\jetty\jetty-util\9.4.44.v20210927\jetty-util-9.4.44.v20210927.jar;C:\Users\ab5645\.m2\repository\javax\servlet\servlet-api\2.5\servlet-api-2.5.jar;C:\Users\ab5645\.m2\repository\com\google\code\gson\gson\2.8.9\gson-2.8.9.jar;C:\Users\ab5645\.m2\repository\org\apache\camel\springboot\camel-azure-storage-datalake-starter\3.13.0\camel-azure-storage-datalake-starter-3.13.0.jar;C:\Users\ab5645\.m2\repository\org\apache\camel\camel-azure-storage-datalake\3.13.0\camel-azure-storage-datalake-3.13.0.jar;C:\Users\ab5645\.m2\repository\com\azure\azure-storage-file-datalake\12.7.1\azure-storage-file-datalake-12.7.1.jar;C:\Users\ab5645\.m2\repository\com\azure\azure-core\1.21.0\azure-core-1.21.0.jar;C:\Users\ab5645\.m2\repository\com\fasterxml\jackson\dataformat\jackson-dataformat-xml\2.12.5\jackson-dataformat-xml-2.12.5.jar;C:\Users\ab5645\.m2\repository\com\fasterxml\jackson\module\jackson-module-jaxb-annotations\2.12.5\jackson-module-jaxb-annotations-2.12.5.jar;C:\Users\ab5645\.m2\repository\com\fasterxml\woodstox\woodstox-core\6.2.4\woodstox-core-6.2.4.jar;C:\Users\ab5645\.m2\repository\io\projectreactor\reactor-core\3.4.11\reactor-core-3.4.11.jar;C:\Users\ab5645\.m2\repository\org\reactivestreams\reactive-streams\1.0.3\reactive-streams-1.0.3.jar;C:\Users\ab5645\.m2\repository\io\netty\netty-tcnative-boringssl-static\2.0.44.Final\netty-tcnative-boringssl-static-2.0.44.Final.jar;C:\Users\ab5645\.m2\repository\com\azure\azure-core-http-netty\1.11.1\azure-core-http-netty-1.11.1.jar;C:\Users\ab5645\.m2\repository\io\projectreactor\netty\reactor-netty-http\1.0.12\reactor-netty-http-1.0.12.jar;C:\Users\ab5645\.m2\repository\io\projectreactor\netty\reactor-netty-core\1.0.12\reactor-netty-core-1.0.12.jar;C:\Users\ab5645\.m2\repository\com\azure\azure-storage-blob\12.14.1\azure-storage-blob-12.14.1.jar;C:\Users\ab5645\.m2\repository\com\azure\azure-storage-common\12.14.0\azure-storage-common-12.14.0.jar;C:\Users\ab5645\.m2\repository\com\azure\azure-storage-internal-avro\12.1.1\azure-storage-internal-avro-12.1.1.jar;C:\Users\ab5645\.m2\repository\com\azure\azure-identity\1.4.0\azure-identity-1.4.0.jar;C:\Users\ab5645\.m2\repository\com\microsoft\azure\msal4j\1.11.0\msal4j-1.11.0.jar;C:\Users\ab5645\.m2\repository\com\nimbusds\oauth2-oidc-sdk\9.9.1\oauth2-oidc-sdk-9.9.1.jar;C:\Users\ab5645\.m2\repository\com\github\stephenc\jcip\jcip-annotations\1.0-1\jcip-annotations-1.0-1.jar;C:\Users\ab5645\.m2\repository\com\nimbusds\content-type\2.1\content-type-2.1.jar;C:\Users\ab5645\.m2\repository\com\nimbusds\lang-tag\1.5\lang-tag-1.5.jar;C:\Users\ab5645\.m2\repository\com\nimbusds\nimbus-jose-jwt\9.10.1\nimbus-jose-jwt-9.10.1.jar;C:\Users\ab5645\.m2\repository\com\microsoft\azure\msal4j-persistence-extension\1.1.0\msal4j-persistence-extension-1.1.0.jar;C:\Users\ab5645\.m2\repository\net\java\dev\jna\jna\5.5.0\jna-5.5.0.jar;C:\Users\ab5645\.m2\repository\net\java\dev\jna\jna-platform\5.6.0\jna-platform-5.6.0.jar;"/>
    <property name="java.vm.vendor" value="Oracle Corporation"/>
    <property name="sun.arch.data.model" value="64"/>
    <property name="user.variant" value=""/>
    <property name="java.vendor.url" value="https://java.oracle.com/"/>
    <property name="user.timezone" value="America/New_York"/>
    <property name="os.name" value="Windows 10"/>
    <property name="java.vm.specification.version" value="17"/>
    <property name="sun.java.launcher" value="SUN_STANDARD"/>
    <property name="user.country" value="US"/>
    <property name="sun.boot.library.path" value="C:\Program Files\Java\jdk-17.0.1\bin"/>
    <property name="sun.java.command" value="C:\Users\ab5645\AppData\Local\Temp\surefire7033150996702145603\surefirebooter206932108479299237.jar C:\Users\ab5645\AppData\Local\Temp\surefire7033150996702145603 2021-11-30T14-15-08_901-jvmRun1 surefire1482785017533568430tmp surefire_03995499494946422956tmp"/>
    <property name="jdk.debug" value="release"/>
    <property name="surefire.test.class.path" value="C:\Development\finastra\CLOUD-MARGIN\cloud-margin-data-moving-tool\target\test-classes;C:\Development\finastra\CLOUD-MARGIN\cloud-margin-data-moving-tool\target\classes;C:\Users\ab5645\.m2\repository\org\springframework\boot\spring-boot-starter-web\2.5.6\spring-boot-starter-web-2.5.6.jar;C:\Users\ab5645\.m2\repository\org\springframework\boot\spring-boot-starter\2.5.6\spring-boot-starter-2.5.6.jar;C:\Users\ab5645\.m2\repository\org\springframework\boot\spring-boot\2.5.6\spring-boot-2.5.6.jar;C:\Users\ab5645\.m2\repository\org\springframework\boot\spring-boot-autoconfigure\2.5.6\spring-boot-autoconfigure-2.5.6.jar;C:\Users\ab5645\.m2\repository\org\springframework\boot\spring-boot-starter-logging\2.5.6\spring-boot-starter-logging-2.5.6.jar;C:\Users\ab5645\.m2\repository\ch\qos\logback\logback-classic\1.2.6\logback-classic-1.2.6.jar;C:\Users\ab5645\.m2\repository\ch\qos\logback\logback-core\1.2.6\logback-core-1.2.6.jar;C:\Users\ab5645\.m2\repository\org\apache\logging\log4j\log4j-to-slf4j\2.14.1\log4j-to-slf4j-2.14.1.jar;C:\Users\ab5645\.m2\repository\org\apache\logging\log4j\log4j-api\2.14.1\log4j-api-2.14.1.jar;C:\Users\ab5645\.m2\repository\org\slf4j\jul-to-slf4j\1.7.32\jul-to-slf4j-1.7.32.jar;C:\Users\ab5645\.m2\repository\jakarta\annotation\jakarta.annotation-api\1.3.5\jakarta.annotation-api-1.3.5.jar;C:\Users\ab5645\.m2\repository\org\yaml\snakeyaml\1.28\snakeyaml-1.28.jar;C:\Users\ab5645\.m2\repository\org\springframework\boot\spring-boot-starter-json\2.5.6\spring-boot-starter-json-2.5.6.jar;C:\Users\ab5645\.m2\repository\com\fasterxml\jackson\datatype\jackson-datatype-jdk8\2.12.5\jackson-datatype-jdk8-2.12.5.jar;C:\Users\ab5645\.m2\repository\com\fasterxml\jackson\datatype\jackson-datatype-jsr310\2.12.5\jackson-datatype-jsr310-2.12.5.jar;C:\Users\ab5645\.m2\repository\com\fasterxml\jackson\module\jackson-module-parameter-names\2.12.5\jackson-module-parameter-names-2.12.5.jar;C:\Users\ab5645\.m2\repository\org\springframework\spring-web\5.3.12\spring-web-5.3.12.jar;C:\Users\ab5645\.m2\repository\org\springframework\spring-beans\5.3.12\spring-beans-5.3.12.jar;C:\Users\ab5645\.m2\repository\org\springframework\spring-webmvc\5.3.12\spring-webmvc-5.3.12.jar;C:\Users\ab5645\.m2\repository\org\springframework\spring-aop\5.3.12\spring-aop-5.3.12.jar;C:\Users\ab5645\.m2\repository\org\springframework\spring-context\5.3.12\spring-context-5.3.12.jar;C:\Users\ab5645\.m2\repository\org\springframework\spring-expression\5.3.12\spring-expression-5.3.12.jar;C:\Users\ab5645\.m2\repository\org\springframework\boot\spring-boot-starter-undertow\2.5.6\spring-boot-starter-undertow-2.5.6.jar;C:\Users\ab5645\.m2\repository\io\undertow\undertow-core\2.2.12.Final\undertow-core-2.2.12.Final.jar;C:\Users\ab5645\.m2\repository\org\jboss\logging\jboss-logging\3.4.2.Final\jboss-logging-3.4.2.Final.jar;C:\Users\ab5645\.m2\repository\org\jboss\xnio\xnio-api\3.8.4.Final\xnio-api-3.8.4.Final.jar;C:\Users\ab5645\.m2\repository\org\wildfly\common\wildfly-common\1.5.2.Final\wildfly-common-1.5.2.Final.jar;C:\Users\ab5645\.m2\repository\org\wildfly\client\wildfly-client-config\1.0.1.Final\wildfly-client-config-1.0.1.Final.jar;C:\Users\ab5645\.m2\repository\org\jboss\xnio\xnio-nio\3.8.4.Final\xnio-nio-3.8.4.Final.jar;C:\Users\ab5645\.m2\repository\org\jboss\threads\jboss-threads\3.1.0.Final\jboss-threads-3.1.0.Final.jar;C:\Users\ab5645\.m2\repository\io\undertow\undertow-servlet\2.2.12.Final\undertow-servlet-2.2.12.Final.jar;C:\Users\ab5645\.m2\repository\io\undertow\undertow-websockets-jsr\2.2.12.Final\undertow-websockets-jsr-2.2.12.Final.jar;C:\Users\ab5645\.m2\repository\jakarta\servlet\jakarta.servlet-api\4.0.4\jakarta.servlet-api-4.0.4.jar;C:\Users\ab5645\.m2\repository\jakarta\websocket\jakarta.websocket-api\1.1.2\jakarta.websocket-api-1.1.2.jar;C:\Users\ab5645\.m2\repository\org\apache\tomcat\embed\tomcat-embed-el\9.0.54\tomcat-embed-el-9.0.54.jar;C:\Users\ab5645\.m2\repository\org\springframework\boot\spring-boot-starter-actuator\2.5.6\spring-boot-starter-actuator-2.5.6.jar;C:\Users\ab5645\.m2\repository\org\springframework\boot\spring-boot-actuator-autoconfigure\2.5.6\spring-boot-actuator-autoconfigure-2.5.6.jar;C:\Users\ab5645\.m2\repository\io\micrometer\micrometer-core\1.7.5\micrometer-core-1.7.5.jar;C:\Users\ab5645\.m2\repository\org\hdrhistogram\HdrHistogram\2.1.12\HdrHistogram-2.1.12.jar;C:\Users\ab5645\.m2\repository\org\latencyutils\LatencyUtils\2.0.3\LatencyUtils-2.0.3.jar;C:\Users\ab5645\.m2\repository\org\springframework\boot\spring-boot-starter-web-services\2.6.0\spring-boot-starter-web-services-2.6.0.jar;C:\Users\ab5645\.m2\repository\com\sun\xml\messaging\saaj\saaj-impl\1.5.3\saaj-impl-1.5.3.jar;C:\Users\ab5645\.m2\repository\jakarta\xml\soap\jakarta.xml.soap-api\1.4.2\jakarta.xml.soap-api-1.4.2.jar;C:\Users\ab5645\.m2\repository\org\jvnet\staxex\stax-ex\1.8.3\stax-ex-1.8.3.jar;C:\Users\ab5645\.m2\repository\com\sun\activation\jakarta.activation\1.2.2\jakarta.activation-1.2.2.jar;C:\Users\ab5645\.m2\repository\jakarta\xml\ws\jakarta.xml.ws-api\2.3.3\jakarta.xml.ws-api-2.3.3.jar;C:\Users\ab5645\.m2\repository\jakarta\jws\jakarta.jws-api\2.1.0\jakarta.jws-api-2.1.0.jar;C:\Users\ab5645\.m2\repository\org\springframework\spring-oxm\5.3.12\spring-oxm-5.3.12.jar;C:\Users\ab5645\.m2\repository\org\springframework\ws\spring-ws-core\3.1.1\spring-ws-core-3.1.1.jar;C:\Users\ab5645\.m2\repository\org\springframework\ws\spring-xml\3.1.1\spring-xml-3.1.1.jar;C:\Users\ab5645\.m2\repository\org\apache\camel\camel-core\3.13.0\camel-core-3.13.0.jar;C:\Users\ab5645\.m2\repository\org\apache\camel\camel-core-engine\3.13.0\camel-core-engine-3.13.0.jar;C:\Users\ab5645\.m2\repository\org\apache\camel\camel-api\3.13.0\camel-api-3.13.0.jar;C:\Users\ab5645\.m2\repository\org\apache\camel\camel-base-engine\3.13.0\camel-base-engine-3.13.0.jar;C:\Users\ab5645\.m2\repository\org\apache\camel\camel-base\3.13.0\camel-base-3.13.0.jar;C:\Users\ab5645\.m2\repository\org\apache\camel\camel-core-reifier\3.13.0\camel-core-reifier-3.13.0.jar;C:\Users\ab5645\.m2\repository\org\apache\camel\camel-core-processor\3.13.0\camel-core-processor-3.13.0.jar;C:\Users\ab5645\.m2\repository\org\apache\camel\camel-management-api\3.13.0\camel-management-api-3.13.0.jar;C:\Users\ab5645\.m2\repository\org\apache\camel\camel-core-languages\3.13.0\camel-core-languages-3.13.0.jar;C:\Users\ab5645\.m2\repository\org\apache\camel\camel-core-model\3.13.0\camel-core-model-3.13.0.jar;C:\Users\ab5645\.m2\repository\org\apache\camel\camel-bean\3.13.0\camel-bean-3.13.0.jar;C:\Users\ab5645\.m2\repository\org\apache\camel\camel-browse\3.13.0\camel-browse-3.13.0.jar;C:\Users\ab5645\.m2\repository\org\apache\camel\camel-cluster\3.13.0\camel-cluster-3.13.0.jar;C:\Users\ab5645\.m2\repository\org\apache\camel\camel-controlbus\3.13.0\camel-controlbus-3.13.0.jar;C:\Users\ab5645\.m2\repository\org\apache\camel\camel-dataformat\3.13.0\camel-dataformat-3.13.0.jar;C:\Users\ab5645\.m2\repository\org\apache\camel\camel-dataset\3.13.0\camel-dataset-3.13.0.jar;C:\Users\ab5645\.m2\repository\org\apache\camel\camel-direct\3.13.0\camel-direct-3.13.0.jar;C:\Users\ab5645\.m2\repository\org\apache\camel\camel-directvm\3.13.0\camel-directvm-3.13.0.jar;C:\Users\ab5645\.m2\repository\org\apache\camel\camel-file\3.13.0\camel-file-3.13.0.jar;C:\Users\ab5645\.m2\repository\org\apache\camel\camel-health\3.13.0\camel-health-3.13.0.jar;C:\Users\ab5645\.m2\repository\org\apache\camel\camel-language\3.13.0\camel-language-3.13.0.jar;C:\Users\ab5645\.m2\repository\org\apache\camel\camel-log\3.13.0\camel-log-3.13.0.jar;C:\Users\ab5645\.m2\repository\org\apache\camel\camel-mock\3.13.0\camel-mock-3.13.0.jar;C:\Users\ab5645\.m2\repository\org\apache\camel\camel-ref\3.13.0\camel-ref-3.13.0.jar;C:\Users\ab5645\.m2\repository\org\apache\camel\camel-rest\3.13.0\camel-rest-3.13.0.jar;C:\Users\ab5645\.m2\repository\org\apache\camel\camel-tooling-model\3.13.0\camel-tooling-model-3.13.0.jar;C:\Users\ab5645\.m2\repository\org\apache\camel\camel-util-json\3.13.0\camel-util-json-3.13.0.jar;C:\Users\ab5645\.m2\repository\org\apache\camel\camel-saga\3.13.0\camel-saga-3.13.0.jar;C:\Users\ab5645\.m2\repository\org\apache\camel\camel-scheduler\3.13.0\camel-scheduler-3.13.0.jar;C:\Users\ab5645\.m2\repository\org\apache\camel\camel-seda\3.13.0\camel-seda-3.13.0.jar;C:\Users\ab5645\.m2\repository\org\apache\camel\camel-stub\3.13.0\camel-stub-3.13.0.jar;C:\Users\ab5645\.m2\repository\org\apache\camel\camel-timer\3.13.0\camel-timer-3.13.0.jar;C:\Users\ab5645\.m2\repository\org\apache\camel\camel-validator\3.13.0\camel-validator-3.13.0.jar;C:\Users\ab5645\.m2\repository\org\apache\camel\camel-vm\3.13.0\camel-vm-3.13.0.jar;C:\Users\ab5645\.m2\repository\org\apache\camel\camel-xpath\3.13.0\camel-xpath-3.13.0.jar;C:\Users\ab5645\.m2\repository\org\apache\camel\camel-xslt\3.13.0\camel-xslt-3.13.0.jar;C:\Users\ab5645\.m2\repository\org\apache\camel\camel-xml-jaxb\3.13.0\camel-xml-jaxb-3.13.0.jar;C:\Users\ab5645\.m2\repository\com\sun\xml\bind\jaxb-core\2.3.0\jaxb-core-2.3.0.jar;C:\Users\ab5645\.m2\repository\com\sun\xml\bind\jaxb-impl\2.3.3\jaxb-impl-2.3.3.jar;C:\Users\ab5645\.m2\repository\org\apache\camel\camel-xml-jaxp\3.13.0\camel-xml-jaxp-3.13.0.jar;C:\Users\ab5645\.m2\repository\org\apache\camel\camel-xml-io-util\3.13.0\camel-xml-io-util-3.13.0.jar;C:\Users\ab5645\.m2\repository\org\slf4j\slf4j-api\1.7.32\slf4j-api-1.7.32.jar;C:\Users\ab5645\.m2\repository\org\apache\camel\camel-http-common\3.13.0\camel-http-common-3.13.0.jar;C:\Users\ab5645\.m2\repository\org\apache\camel\camel-http-base\3.13.0\camel-http-base-3.13.0.jar;C:\Users\ab5645\.m2\repository\org\apache\camel\camel-cloud\3.13.0\camel-cloud-3.13.0.jar;C:\Users\ab5645\.m2\repository\org\apache\camel\camel-support\3.13.0\camel-support-3.13.0.jar;C:\Users\ab5645\.m2\repository\org\apache\camel\camel-attachments\3.13.0\camel-attachments-3.13.0.jar;C:\Users\ab5645\.m2\repository\com\sun\activation\javax.activation\1.2.0\javax.activation-1.2.0.jar;C:\Users\ab5645\.m2\repository\org\apache\camel\camel-http\3.13.0\camel-http-3.13.0.jar;C:\Users\ab5645\.m2\repository\javax\servlet\javax.servlet-api\4.0.1\javax.servlet-api-4.0.1.jar;C:\Users\ab5645\.m2\repository\org\apache\httpcomponents\httpclient\4.5.13\httpclient-4.5.13.jar;C:\Users\ab5645\.m2\repository\org\apache\httpcomponents\httpcore\4.4.14\httpcore-4.4.14.jar;C:\Users\ab5645\.m2\repository\commons-codec\commons-codec\1.15\commons-codec-1.15.jar;C:\Users\ab5645\.m2\repository\org\apache\camel\camel-ftp\3.13.0\camel-ftp-3.13.0.jar;C:\Users\ab5645\.m2\repository\org\apache\camel\camel-core-catalog\3.13.0\camel-core-catalog-3.13.0.jar;C:\Users\ab5645\.m2\repository\com\jcraft\jsch\0.1.55\jsch-0.1.55.jar;C:\Users\ab5645\.m2\repository\commons-net\commons-net\3.8.0\commons-net-3.8.0.jar;C:\Users\ab5645\.m2\repository\org\apache\camel\springboot\camel-spring-boot-starter\3.13.0\camel-spring-boot-starter-3.13.0.jar;C:\Users\ab5645\.m2\repository\org\apache\camel\springboot\camel-spring-boot\3.13.0\camel-spring-boot-3.13.0.jar;C:\Users\ab5645\.m2\repository\org\apache\camel\camel-spring\3.13.0\camel-spring-3.13.0.jar;C:\Users\ab5645\.m2\repository\org\apache\camel\camel-spring-main\3.13.0\camel-spring-main-3.13.0.jar;C:\Users\ab5645\.m2\repository\org\apache\camel\camel-main\3.13.0\camel-main-3.13.0.jar;C:\Users\ab5645\.m2\repository\org\apache\camel\camel-xml-jaxb-dsl\3.13.0\camel-xml-jaxb-dsl-3.13.0.jar;C:\Users\ab5645\.m2\repository\org\apache\camel\camel-dsl-support\3.13.0\camel-dsl-support-3.13.0.jar;C:\Users\ab5645\.m2\repository\org\apache\camel\camel-endpointdsl\3.13.0\camel-endpointdsl-3.13.0.jar;C:\Users\ab5645\.m2\repository\org\apache\camel\springboot\camel-core-starter\3.13.0\camel-core-starter-3.13.0.jar;C:\Users\ab5645\.m2\repository\org\apache\camel\springboot\camel-browse-starter\3.13.0\camel-browse-starter-3.13.0.jar;C:\Users\ab5645\.m2\repository\org\apache\camel\springboot\camel-controlbus-starter\3.13.0\camel-controlbus-starter-3.13.0.jar;C:\Users\ab5645\.m2\repository\org\apache\camel\springboot\camel-dataformat-starter\3.13.0\camel-dataformat-starter-3.13.0.jar;C:\Users\ab5645\.m2\repository\org\apache\camel\springboot\camel-dataset-starter\3.13.0\camel-dataset-starter-3.13.0.jar;C:\Users\ab5645\.m2\repository\org\apache\camel\springboot\camel-direct-starter\3.13.0\camel-direct-starter-3.13.0.jar;C:\Users\ab5645\.m2\repository\org\apache\camel\springboot\camel-directvm-starter\3.13.0\camel-directvm-starter-3.13.0.jar;C:\Users\ab5645\.m2\repository\org\apache\camel\springboot\camel-file-starter\3.13.0\camel-file-starter-3.13.0.jar;C:\Users\ab5645\.m2\repository\org\apache\camel\springboot\camel-language-starter\3.13.0\camel-language-starter-3.13.0.jar;C:\Users\ab5645\.m2\repository\org\apache\camel\springboot\camel-log-starter\3.13.0\camel-log-starter-3.13.0.jar;C:\Users\ab5645\.m2\repository\org\apache\camel\springboot\camel-mock-starter\3.13.0\camel-mock-starter-3.13.0.jar;C:\Users\ab5645\.m2\repository\org\apache\camel\springboot\camel-ref-starter\3.13.0\camel-ref-starter-3.13.0.jar;C:\Users\ab5645\.m2\repository\org\apache\camel\springboot\camel-rest-starter\3.13.0\camel-rest-starter-3.13.0.jar;C:\Users\ab5645\.m2\repository\org\apache\camel\springboot\camel-saga-starter\3.13.0\camel-saga-starter-3.13.0.jar;C:\Users\ab5645\.m2\repository\org\apache\camel\springboot\camel-scheduler-starter\3.13.0\camel-scheduler-starter-3.13.0.jar;C:\Users\ab5645\.m2\repository\org\apache\camel\springboot\camel-seda-starter\3.13.0\camel-seda-starter-3.13.0.jar;C:\Users\ab5645\.m2\repository\org\apache\camel\springboot\camel-stub-starter\3.13.0\camel-stub-starter-3.13.0.jar;C:\Users\ab5645\.m2\repository\org\apache\camel\springboot\camel-timer-starter\3.13.0\camel-timer-starter-3.13.0.jar;C:\Users\ab5645\.m2\repository\org\apache\camel\springboot\camel-validator-starter\3.13.0\camel-validator-starter-3.13.0.jar;C:\Users\ab5645\.m2\repository\org\apache\camel\springboot\camel-vm-starter\3.13.0\camel-vm-starter-3.13.0.jar;C:\Users\ab5645\.m2\repository\org\apache\camel\springboot\camel-xpath-starter\3.13.0\camel-xpath-starter-3.13.0.jar;C:\Users\ab5645\.m2\repository\org\apache\camel\springboot\camel-xslt-starter\3.13.0\camel-xslt-starter-3.13.0.jar;C:\Users\ab5645\.m2\repository\org\apache\camel\springboot\camel-xml-jaxp-starter\3.13.0\camel-xml-jaxp-starter-3.13.0.jar;C:\Users\ab5645\.m2\repository\org\apache\camel\springboot\camel-stream-starter\3.13.0\camel-stream-starter-3.13.0.jar;C:\Users\ab5645\.m2\repository\org\apache\camel\camel-stream\3.13.0\camel-stream-3.13.0.jar;C:\Users\ab5645\.m2\repository\org\apache\camel\camel-sql\3.13.0\camel-sql-3.13.0.jar;C:\Users\ab5645\.m2\repository\org\springframework\spring-jdbc\5.3.12\spring-jdbc-5.3.12.jar;C:\Users\ab5645\.m2\repository\org\springframework\spring-tx\5.3.12\spring-tx-5.3.12.jar;C:\Users\ab5645\.m2\repository\org\apache\camel\springboot\camel-sql-starter\3.13.0\camel-sql-starter-3.13.0.jar;C:\Users\ab5645\.m2\repository\org\apache\camel\camel-cron\3.13.0\camel-cron-3.13.0.jar;C:\Users\ab5645\.m2\repository\org\apache\camel\springboot\camel-jdbc-starter\3.13.0\camel-jdbc-starter-3.13.0.jar;C:\Users\ab5645\.m2\repository\org\apache\camel\camel-jdbc\3.13.0\camel-jdbc-3.13.0.jar;C:\Users\ab5645\.m2\repository\org\apache\camel\camel-netty-http\3.13.0\camel-netty-http-3.13.0.jar;C:\Users\ab5645\.m2\repository\org\apache\camel\camel-netty\3.13.0\camel-netty-3.13.0.jar;C:\Users\ab5645\.m2\repository\io\netty\netty-buffer\4.1.69.Final\netty-buffer-4.1.69.Final.jar;C:\Users\ab5645\.m2\repository\io\netty\netty-codec\4.1.69.Final\netty-codec-4.1.69.Final.jar;C:\Users\ab5645\.m2\repository\io\netty\netty-common\4.1.69.Final\netty-common-4.1.69.Final.jar;C:\Users\ab5645\.m2\repository\io\netty\netty-handler\4.1.69.Final\netty-handler-4.1.69.Final.jar;C:\Users\ab5645\.m2\repository\io\netty\netty-resolver\4.1.69.Final\netty-resolver-4.1.69.Final.jar;C:\Users\ab5645\.m2\repository\io\netty\netty-transport\4.1.69.Final\netty-transport-4.1.69.Final.jar;C:\Users\ab5645\.m2\repository\io\netty\netty-transport-native-epoll\4.1.69.Final\netty-transport-native-epoll-4.1.69.Final.jar;C:\Users\ab5645\.m2\repository\io\netty\netty-transport-native-unix-common\4.1.69.Final\netty-transport-native-unix-common-4.1.69.Final.jar;C:\Users\ab5645\.m2\repository\io\netty\netty-codec-http\4.1.69.Final\netty-codec-http-4.1.69.Final.jar;C:\Users\ab5645\.m2\repository\org\apache\camel\camel-netty4\3.0.0-M4\camel-netty4-3.0.0-M4.jar;C:\Users\ab5645\.m2\repository\io\netty\netty-all\4.1.69.Final\netty-all-4.1.69.Final.jar;C:\Users\ab5645\.m2\repository\io\netty\netty-codec-dns\4.1.69.Final\netty-codec-dns-4.1.69.Final.jar;C:\Users\ab5645\.m2\repository\io\netty\netty-codec-haproxy\4.1.69.Final\netty-codec-haproxy-4.1.69.Final.jar;C:\Users\ab5645\.m2\repository\io\netty\netty-codec-http2\4.1.69.Final\netty-codec-http2-4.1.69.Final.jar;C:\Users\ab5645\.m2\repository\io\netty\netty-codec-memcache\4.1.69.Final\netty-codec-memcache-4.1.69.Final.jar;C:\Users\ab5645\.m2\repository\io\netty\netty-codec-mqtt\4.1.69.Final\netty-codec-mqtt-4.1.69.Final.jar;C:\Users\ab5645\.m2\repository\io\netty\netty-codec-redis\4.1.69.Final\netty-codec-redis-4.1.69.Final.jar;C:\Users\ab5645\.m2\repository\io\netty\netty-codec-smtp\4.1.69.Final\netty-codec-smtp-4.1.69.Final.jar;C:\Users\ab5645\.m2\repository\io\netty\netty-codec-socks\4.1.69.Final\netty-codec-socks-4.1.69.Final.jar;C:\Users\ab5645\.m2\repository\io\netty\netty-codec-stomp\4.1.69.Final\netty-codec-stomp-4.1.69.Final.jar;C:\Users\ab5645\.m2\repository\io\netty\netty-codec-xml\4.1.69.Final\netty-codec-xml-4.1.69.Final.jar;C:\Users\ab5645\.m2\repository\com\fasterxml\aalto-xml\1.0.0\aalto-xml-1.0.0.jar;C:\Users\ab5645\.m2\repository\org\codehaus\woodstox\stax2-api\4.0.0\stax2-api-4.0.0.jar;C:\Users\ab5645\.m2\repository\io\netty\netty-handler-proxy\4.1.69.Final\netty-handler-proxy-4.1.69.Final.jar;C:\Users\ab5645\.m2\repository\io\netty\netty-resolver-dns\4.1.69.Final\netty-resolver-dns-4.1.69.Final.jar;C:\Users\ab5645\.m2\repository\io\netty\netty-transport-rxtx\4.1.69.Final\netty-transport-rxtx-4.1.69.Final.jar;C:\Users\ab5645\.m2\repository\org\rxtx\rxtx\2.1.7\rxtx-2.1.7.jar;C:\Users\ab5645\.m2\repository\io\netty\netty-transport-sctp\4.1.69.Final\netty-transport-sctp-4.1.69.Final.jar;C:\Users\ab5645\.m2\repository\io\netty\netty-transport-udt\4.1.69.Final\netty-transport-udt-4.1.69.Final.jar;C:\Users\ab5645\.m2\repository\com\barchart\udt\barchart-udt-bundle\2.3.0\barchart-udt-bundle-2.3.0.jar;C:\Users\ab5645\.m2\repository\io\netty\netty-transport-native-kqueue\4.1.69.Final\netty-transport-native-kqueue-4.1.69.Final.jar;C:\Users\ab5645\.m2\repository\io\netty\netty-resolver-dns-native-macos\4.1.69.Final\netty-resolver-dns-native-macos-4.1.69.Final.jar;C:\Users\ab5645\.m2\repository\io\netty\netty-transport-native-epoll\4.1.69.Final\netty-transport-native-epoll-4.1.69.Final-linux-x86_64.jar;C:\Users\ab5645\.m2\repository\io\netty\netty-transport-native-epoll\4.1.69.Final\netty-transport-native-epoll-4.1.69.Final-linux-aarch_64.jar;C:\Users\ab5645\.m2\repository\io\netty\netty-transport-native-kqueue\4.1.69.Final\netty-transport-native-kqueue-4.1.69.Final-osx-x86_64.jar;C:\Users\ab5645\.m2\repository\io\netty\netty-transport-native-kqueue\4.1.69.Final\netty-transport-native-kqueue-4.1.69.Final-osx-aarch_64.jar;C:\Users\ab5645\.m2\repository\io\netty\netty-resolver-dns-native-macos\4.1.69.Final\netty-resolver-dns-native-macos-4.1.69.Final-osx-x86_64.jar;C:\Users\ab5645\.m2\repository\io\netty\netty-resolver-dns-native-macos\4.1.69.Final\netty-resolver-dns-native-macos-4.1.69.Final-osx-aarch_64.jar;C:\Users\ab5645\.m2\repository\commons-pool\commons-pool\1.6\commons-pool-1.6.jar;C:\Users\ab5645\.m2\repository\org\postgresql\postgresql\42.2.24\postgresql-42.2.24.jar;C:\Users\ab5645\.m2\repository\org\checkerframework\checker-qual\3.5.0\checker-qual-3.5.0.jar;C:\Users\ab5645\.m2\repository\com\microsoft\sqlserver\mssql-jdbc\9.2.1.jre8\mssql-jdbc-9.2.1.jre8.jar;C:\Users\ab5645\.m2\repository\com\zaxxer\HikariCP\4.0.3\HikariCP-4.0.3.jar;C:\Users\ab5645\.m2\repository\org\apache\camel\springboot\camel-bean-starter\3.13.0\camel-bean-starter-3.13.0.jar;C:\Users\ab5645\.m2\repository\org\apache\camel\camel-jackson\3.13.0\camel-jackson-3.13.0.jar;C:\Users\ab5645\.m2\repository\com\fasterxml\jackson\core\jackson-databind\2.12.5\jackson-databind-2.12.5.jar;C:\Users\ab5645\.m2\repository\com\fasterxml\jackson\core\jackson-annotations\2.12.5\jackson-annotations-2.12.5.jar;C:\Users\ab5645\.m2\repository\com\fasterxml\jackson\core\jackson-core\2.12.5\jackson-core-2.12.5.jar;C:\Users\ab5645\.m2\repository\org\apache\camel\camel-csv\3.13.0\camel-csv-3.13.0.jar;C:\Users\ab5645\.m2\repository\org\apache\commons\commons-csv\1.8\commons-csv-1.8.jar;C:\Users\ab5645\.m2\repository\org\apache\camel\camel-gson\3.13.0\camel-gson-3.13.0.jar;C:\Users\ab5645\.m2\repository\org\apache\camel\camel-util\3.13.0\camel-util-3.13.0.jar;C:\Users\ab5645\.m2\repository\io\hawt\hawtio-springboot\2.10.0\hawtio-springboot-2.10.0.jar;C:\Users\ab5645\.m2\repository\io\hawt\hawtio-system\2.10.0\hawtio-system-2.10.0.jar;C:\Users\ab5645\.m2\repository\io\hawt\hawtio-core\2.10.0\hawtio-core-2.10.0.jar;C:\Users\ab5645\.m2\repository\io\hawt\hawtio-util\2.10.0\hawtio-util-2.10.0.jar;C:\Users\ab5645\.m2\repository\org\jolokia\jolokia-core\1.6.2\jolokia-core-1.6.2.jar;C:\Users\ab5645\.m2\repository\com\googlecode\json-simple\json-simple\1.1.1\json-simple-1.1.1.jar;C:\Users\ab5645\.m2\repository\commons-httpclient\commons-httpclient\3.1\commons-httpclient-3.1.jar;C:\Users\ab5645\.m2\repository\commons-logging\commons-logging\1.2\commons-logging-1.2.jar;C:\Users\ab5645\.m2\repository\commons-io\commons-io\2.11.0\commons-io-2.11.0.jar;C:\Users\ab5645\.m2\repository\com\google\guava\guava\19.0\guava-19.0.jar;C:\Users\ab5645\.m2\repository\org\json\json\20171018\json-20171018.jar;C:\Users\ab5645\.m2\repository\org\springframework\boot\spring-boot-actuator\2.5.6\spring-boot-actuator-2.5.6.jar;C:\Users\ab5645\.m2\repository\org\apache\camel\springboot\camel-jmx-starter\3.13.0\camel-jmx-starter-3.13.0.jar;C:\Users\ab5645\.m2\repository\org\apache\camel\camel-jmx\3.13.0\camel-jmx-3.13.0.jar;C:\Users\ab5645\.m2\repository\org\apache\camel\camel-management\3.13.0\camel-management-3.13.0.jar;C:\Users\ab5645\.m2\repository\com\oracle\database\jdbc\ojdbc8\21.1.0.0\ojdbc8-21.1.0.0.jar;C:\Users\ab5645\.m2\repository\com\oracle\database\jdbc\ucp\21.1.0.0\ucp-21.1.0.0.jar;C:\Users\ab5645\.m2\repository\org\apache\commons\commons-lang3\3.12.0\commons-lang3-3.12.0.jar;C:\Users\ab5645\.m2\repository\org\apache\commons\commons-collections4\4.4\commons-collections4-4.4.jar;C:\Users\ab5645\.m2\repository\org\projectlombok\lombok\1.18.22\lombok-1.18.22.jar;C:\Users\ab5645\.m2\repository\org\springframework\boot\spring-boot-starter-test\2.5.6\spring-boot-starter-test-2.5.6.jar;C:\Users\ab5645\.m2\repository\org\springframework\boot\spring-boot-test\2.5.6\spring-boot-test-2.5.6.jar;C:\Users\ab5645\.m2\repository\org\springframework\boot\spring-boot-test-autoconfigure\2.5.6\spring-boot-test-autoconfigure-2.5.6.jar;C:\Users\ab5645\.m2\repository\com\jayway\jsonpath\json-path\2.5.0\json-path-2.5.0.jar;C:\Users\ab5645\.m2\repository\net\minidev\json-smart\2.4.7\json-smart-2.4.7.jar;C:\Users\ab5645\.m2\repository\net\minidev\accessors-smart\2.4.7\accessors-smart-2.4.7.jar;C:\Users\ab5645\.m2\repository\org\ow2\asm\asm\9.1\asm-9.1.jar;C:\Users\ab5645\.m2\repository\jakarta\xml\bind\jakarta.xml.bind-api\2.3.3\jakarta.xml.bind-api-2.3.3.jar;C:\Users\ab5645\.m2\repository\jakarta\activation\jakarta.activation-api\1.2.2\jakarta.activation-api-1.2.2.jar;C:\Users\ab5645\.m2\repository\org\assertj\assertj-core\3.19.0\assertj-core-3.19.0.jar;C:\Users\ab5645\.m2\repository\org\hamcrest\hamcrest\2.2\hamcrest-2.2.jar;C:\Users\ab5645\.m2\repository\org\junit\jupiter\junit-jupiter\5.7.2\junit-jupiter-5.7.2.jar;C:\Users\ab5645\.m2\repository\org\junit\jupiter\junit-jupiter-api\5.7.2\junit-jupiter-api-5.7.2.jar;C:\Users\ab5645\.m2\repository\org\apiguardian\apiguardian-api\1.1.0\apiguardian-api-1.1.0.jar;C:\Users\ab5645\.m2\repository\org\opentest4j\opentest4j\1.2.0\opentest4j-1.2.0.jar;C:\Users\ab5645\.m2\repository\org\junit\platform\junit-platform-commons\1.7.2\junit-platform-commons-1.7.2.jar;C:\Users\ab5645\.m2\repository\org\junit\jupiter\junit-jupiter-params\5.7.2\junit-jupiter-params-5.7.2.jar;C:\Users\ab5645\.m2\repository\org\junit\jupiter\junit-jupiter-engine\5.7.2\junit-jupiter-engine-5.7.2.jar;C:\Users\ab5645\.m2\repository\org\junit\platform\junit-platform-engine\1.7.2\junit-platform-engine-1.7.2.jar;C:\Users\ab5645\.m2\repository\org\mockito\mockito-core\3.9.0\mockito-core-3.9.0.jar;C:\Users\ab5645\.m2\repository\net\bytebuddy\byte-buddy\1.10.22\byte-buddy-1.10.22.jar;C:\Users\ab5645\.m2\repository\net\bytebuddy\byte-buddy-agent\1.10.22\byte-buddy-agent-1.10.22.jar;C:\Users\ab5645\.m2\repository\org\objenesis\objenesis\3.2\objenesis-3.2.jar;C:\Users\ab5645\.m2\repository\org\mockito\mockito-junit-jupiter\3.9.0\mockito-junit-jupiter-3.9.0.jar;C:\Users\ab5645\.m2\repository\org\skyscreamer\jsonassert\1.5.0\jsonassert-1.5.0.jar;C:\Users\ab5645\.m2\repository\com\vaadin\external\google\android-json\0.0.20131108.vaadin1\android-json-0.0.20131108.vaadin1.jar;C:\Users\ab5645\.m2\repository\org\springframework\spring-core\5.3.12\spring-core-5.3.12.jar;C:\Users\ab5645\.m2\repository\org\springframework\spring-jcl\5.3.12\spring-jcl-5.3.12.jar;C:\Users\ab5645\.m2\repository\org\springframework\spring-test\5.3.12\spring-test-5.3.12.jar;C:\Users\ab5645\.m2\repository\org\xmlunit\xmlunit-core\2.8.3\xmlunit-core-2.8.3.jar;C:\Users\ab5645\.m2\repository\org\apache\camel\camel-test-spring\3.13.0\camel-test-spring-3.13.0.jar;C:\Users\ab5645\.m2\repository\org\apache\camel\camel-test\3.13.0\camel-test-3.13.0.jar;C:\Users\ab5645\.m2\repository\junit\junit\4.13.2\junit-4.13.2.jar;C:\Users\ab5645\.m2\repository\org\hamcrest\hamcrest-core\2.2\hamcrest-core-2.2.jar;C:\Users\ab5645\.m2\repository\org\apache\camel\camel-spring-xml\3.13.0\camel-spring-xml-3.13.0.jar;C:\Users\ab5645\.m2\repository\org\apache\camel\camel-core-xml\3.13.0\camel-core-xml-3.13.0.jar;C:\Users\ab5645\.m2\repository\org\apache\camel\camel-test-spring-junit5\3.13.0\camel-test-spring-junit5-3.13.0.jar;C:\Users\ab5645\.m2\repository\org\apache\camel\camel-test-junit5\3.13.0\camel-test-junit5-3.13.0.jar;C:\Users\ab5645\.m2\repository\com\h2database\h2\1.4.200\h2-1.4.200.jar;C:\Users\ab5645\.m2\repository\org\awaitility\awaitility\4.0.3\awaitility-4.0.3.jar;C:\Users\ab5645\.m2\repository\org\apache\camel\springboot\camel-servlet-starter\3.9.0\camel-servlet-starter-3.9.0.jar;C:\Users\ab5645\.m2\repository\org\apache\camel\camel-servlet\3.13.0\camel-servlet-3.13.0.jar;C:\Users\ab5645\.m2\repository\org\apache\camel\camel-jetty\3.13.0\camel-jetty-3.13.0.jar;C:\Users\ab5645\.m2\repository\org\apache\camel\camel-jetty-common\3.13.0\camel-jetty-common-3.13.0.jar;C:\Users\ab5645\.m2\repository\org\eclipse\jetty\jetty-server\9.4.44.v20210927\jetty-server-9.4.44.v20210927.jar;C:\Users\ab5645\.m2\repository\org\eclipse\jetty\jetty-http\9.4.44.v20210927\jetty-http-9.4.44.v20210927.jar;C:\Users\ab5645\.m2\repository\org\eclipse\jetty\jetty-io\9.4.44.v20210927\jetty-io-9.4.44.v20210927.jar;C:\Users\ab5645\.m2\repository\org\eclipse\jetty\jetty-servlet\9.4.44.v20210927\jetty-servlet-9.4.44.v20210927.jar;C:\Users\ab5645\.m2\repository\org\eclipse\jetty\jetty-util-ajax\9.4.44.v20210927\jetty-util-ajax-9.4.44.v20210927.jar;C:\Users\ab5645\.m2\repository\org\eclipse\jetty\jetty-security\9.4.44.v20210927\jetty-security-9.4.44.v20210927.jar;C:\Users\ab5645\.m2\repository\org\eclipse\jetty\jetty-servlets\9.4.44.v20210927\jetty-servlets-9.4.44.v20210927.jar;C:\Users\ab5645\.m2\repository\org\eclipse\jetty\jetty-continuation\9.4.44.v20210927\jetty-continuation-9.4.44.v20210927.jar;C:\Users\ab5645\.m2\repository\org\eclipse\jetty\jetty-client\9.4.44.v20210927\jetty-client-9.4.44.v20210927.jar;C:\Users\ab5645\.m2\repository\org\eclipse\jetty\jetty-jmx\9.4.44.v20210927\jetty-jmx-9.4.44.v20210927.jar;C:\Users\ab5645\.m2\repository\org\eclipse\jetty\jetty-util\9.4.44.v20210927\jetty-util-9.4.44.v20210927.jar;C:\Users\ab5645\.m2\repository\javax\servlet\servlet-api\2.5\servlet-api-2.5.jar;C:\Users\ab5645\.m2\repository\com\google\code\gson\gson\2.8.9\gson-2.8.9.jar;C:\Users\ab5645\.m2\repository\org\apache\camel\springboot\camel-azure-storage-datalake-starter\3.13.0\camel-azure-storage-datalake-starter-3.13.0.jar;C:\Users\ab5645\.m2\repository\org\apache\camel\camel-azure-storage-datalake\3.13.0\camel-azure-storage-datalake-3.13.0.jar;C:\Users\ab5645\.m2\repository\com\azure\azure-storage-file-datalake\12.7.1\azure-storage-file-datalake-12.7.1.jar;C:\Users\ab5645\.m2\repository\com\azure\azure-core\1.21.0\azure-core-1.21.0.jar;C:\Users\ab5645\.m2\repository\com\fasterxml\jackson\dataformat\jackson-dataformat-xml\2.12.5\jackson-dataformat-xml-2.12.5.jar;C:\Users\ab5645\.m2\repository\com\fasterxml\jackson\module\jackson-module-jaxb-annotations\2.12.5\jackson-module-jaxb-annotations-2.12.5.jar;C:\Users\ab5645\.m2\repository\com\fasterxml\woodstox\woodstox-core\6.2.4\woodstox-core-6.2.4.jar;C:\Users\ab5645\.m2\repository\io\projectreactor\reactor-core\3.4.11\reactor-core-3.4.11.jar;C:\Users\ab5645\.m2\repository\org\reactivestreams\reactive-streams\1.0.3\reactive-streams-1.0.3.jar;C:\Users\ab5645\.m2\repository\io\netty\netty-tcnative-boringssl-static\2.0.44.Final\netty-tcnative-boringssl-static-2.0.44.Final.jar;C:\Users\ab5645\.m2\repository\com\azure\azure-core-http-netty\1.11.1\azure-core-http-netty-1.11.1.jar;C:\Users\ab5645\.m2\repository\io\projectreactor\netty\reactor-netty-http\1.0.12\reactor-netty-http-1.0.12.jar;C:\Users\ab5645\.m2\repository\io\projectreactor\netty\reactor-netty-core\1.0.12\reactor-netty-core-1.0.12.jar;C:\Users\ab5645\.m2\repository\com\azure\azure-storage-blob\12.14.1\azure-storage-blob-12.14.1.jar;C:\Users\ab5645\.m2\repository\com\azure\azure-storage-common\12.14.0\azure-storage-common-12.14.0.jar;C:\Users\ab5645\.m2\repository\com\azure\azure-storage-internal-avro\12.1.1\azure-storage-internal-avro-12.1.1.jar;C:\Users\ab5645\.m2\repository\com\azure\azure-identity\1.4.0\azure-identity-1.4.0.jar;C:\Users\ab5645\.m2\repository\com\microsoft\azure\msal4j\1.11.0\msal4j-1.11.0.jar;C:\Users\ab5645\.m2\repository\com\nimbusds\oauth2-oidc-sdk\9.9.1\oauth2-oidc-sdk-9.9.1.jar;C:\Users\ab5645\.m2\repository\com\github\stephenc\jcip\jcip-annotations\1.0-1\jcip-annotations-1.0-1.jar;C:\Users\ab5645\.m2\repository\com\nimbusds\content-type\2.1\content-type-2.1.jar;C:\Users\ab5645\.m2\repository\com\nimbusds\lang-tag\1.5\lang-tag-1.5.jar;C:\Users\ab5645\.m2\repository\com\nimbusds\nimbus-jose-jwt\9.10.1\nimbus-jose-jwt-9.10.1.jar;C:\Users\ab5645\.m2\repository\com\microsoft\azure\msal4j-persistence-extension\1.1.0\msal4j-persistence-extension-1.1.0.jar;C:\Users\ab5645\.m2\repository\net\java\dev\jna\jna\5.5.0\jna-5.5.0.jar;C:\Users\ab5645\.m2\repository\net\java\dev\jna\jna-platform\5.6.0\jna-platform-5.6.0.jar;"/>
    <property name="sun.cpu.endian" value="little"/>
    <property name="user.home" value="C:\Users\ab5645"/>
    <property name="user.language" value="en"/>
    <property name="java.specification.vendor" value="Oracle Corporation"/>
    <property name="java.version.date" value="2021-10-19"/>
    <property name="java.home" value="C:\Program Files\Java\jdk-17.0.1"/>
    <property name="file.separator" value="\"/>
    <property name="basedir" value="C:\Development\finastra\CLOUD-MARGIN\cloud-margin-data-moving-tool"/>
    <property name="java.vm.compressedOopsMode" value="Zero based"/>
    <property name="line.separator" value="&#10;"/>
    <property name="java.vm.specification.vendor" value="Oracle Corporation"/>
    <property name="java.specification.name" value="Java Platform API Specification"/>
    <property name="FILE_LOG_CHARSET" value="windows-1252"/>
    <property name="java.awt.headless" value="true"/>
    <property name="surefire.real.class.path" value="C:\Users\ab5645\AppData\Local\Temp\surefire7033150996702145603\surefirebooter206932108479299237.jar"/>
    <property name="user.script" value=""/>
    <property name="sun.management.compiler" value="HotSpot 64-Bit Tiered Compilers"/>
    <property name="java.runtime.version" value="17.0.1+12-LTS-39"/>
    <property name="user.name" value="ab5645"/>
    <property name="path.separator" value=";"/>
    <property name="os.version" value="10.0"/>
    <property name="java.runtime.name" value="Java(TM) SE Runtime Environment"/>
    <property name="file.encoding" value="Cp1252"/>
    <property name="spring.beaninfo.ignore" value="true"/>
    <property name="java.vm.name" value="Java HotSpot(TM) 64-Bit Server VM"/>
    <property name="localRepository" value="C:\Users\ab5645\.m2\repository"/>
    <property name="java.vendor.url.bug" value="https://bugreport.java.com/bugreport/"/>
    <property name="java.io.tmpdir" value="C:\Users\ab5645\AppData\Local\Temp\"/>
    <property name="java.version" value="17.0.1"/>
    <property name="user.dir" value="C:\Development\finastra\CLOUD-MARGIN\cloud-margin-data-moving-tool"/>
    <property name="os.arch" value="amd64"/>
    <property name="java.vm.specification.name" value="Java Virtual Machine Specification"/>
    <property name="PID" value="38132"/>
    <property name="sun.os.patch.level" value=""/>
    <property name="CONSOLE_LOG_CHARSET" value="windows-1252"/>
    <property name="native.encoding" value="Cp1252"/>
    <property name="java.library.path" value="C:\Program Files\Java\jdk-17.0.1\bin;C:\WINDOWS\Sun\Java\bin;C:\WINDOWS\system32;C:\WINDOWS;C:\Program Files\PowerShell\7;C:\Program Files\Common Files\Oracle\Java\javapath;C:\Program Files (x86)\Microsoft SDKs\Azure\CLI2\wbin;C:\Program Files\Microsoft MPI\Bin\;C:\WINDOWS\system32;C:\WINDOWS;C:\WINDOWS\System32\Wbem;C:\WINDOWS\System32\WindowsPowerShell\v1.0\;C:\WINDOWS\System32\OpenSSH\;C:\Program Files\Microsoft SQL Server\Client SDK\ODBC\130\Tools\Binn\;C:\WINDOWS\system32\config\systemprofile\.dnx\bin;C:\Program Files\Microsoft DNX\Dnvm\;C:\Program Files\dotnet\;C:\Program Files\Microsoft SQL Server\Client SDK\ODBC\170\Tools\Binn\;C:\ProgramData\chocolatey\bin;C:\maven_3.6.3\bin;C:\Program Files (x86)\Microsoft SQL Server\150\Tools\Binn\;C:\Program Files\Microsoft SQL Server\150\Tools\Binn\;C:\Program Files (x86)\Microsoft SQL Server\150\DTS\Binn\;C:\Program Files\Microsoft SQL Server\150\DTS\Binn\;C:\Program Files\Azure Data Studio\bin;C:\Program Files\Amazon\AWSCLIV2\;C:\Program Files (x86)\dotnet\;C:\helm\windows-amd64;C:\ProgramData\chocolatey\lib\k9s\tools;C:\Program Files\Microsoft SQL Server\130\Tools\Binn\;C:\minishift-1.34.3;C:\Program Files (x86)\Google\Cloud SDK\google-cloud-sdk\bin;C:\Program Files\Docker\Docker\resources\bin;C:\ProgramData\DockerDesktop\version-bin;C:\Program Files\Microsoft SQL Server\140\Tools\Binn\;C:\Program Files\PuTTY\;C:\Program Files\Git\cmd;C:\Program Files\PowerShell\7\;C:\Program Files\nodejs\;C:\tcping;C:\Users\ab5645\AppData\Local\Programs\Python\Python39\Scripts\;C:\Users\ab5645\AppData\Local\Programs\Python\Python39\;C:\Users\ab5645\AppData\Local\Microsoft\WindowsApps;C:\Users\ab5645\.dotnet\tools;C:\Users\ab5645\AppData\Local\Programs\Microsoft VS Code\bin;C:\Users\ab5645\AppData\Roaming\npm;C:\Program Files\Azure Data Studio\bin;C:\Users\ab5645\AppData\Local\GitHubDesktop\bin;."/>
    <property name="java.vm.info" value="mixed mode, sharing"/>
    <property name="java.vendor" value="Oracle Corporation"/>
    <property name="java.vm.version" value="17.0.1+12-LTS-39"/>
    <property name="sun.io.unicode.encoding" value="UnicodeLittle"/>
    <property name="java.class.version" value="61.0"/>
  </properties>
  <testcase name="test" classname="org.ffdc.data.platform.MySpringBootApplicationTest" time="1.124"/>
</testsuite>